<?xml version="1.0" encoding="UTF-8"?>
<!-- Generated by org.testng.reporters.JUnitReportReporter -->
<testsuite hostname="THOUFIC" failures="0" tests="1" name="com.testNGPackage.ParameterDemo" time="9.526" errors="0" timestamp="30 Aug 2019 10:11:00 GMT" skipped="0">
  <testcase classname="com.testNGPackage.ParameterDemo" name="login" time="9.526"/>
</testsuite> <!-- com.testNGPackage.ParameterDemo -->
