<?xml version="1.0" encoding="UTF-8"?>
<!-- Generated by org.testng.reporters.JUnitReportReporter -->
<testsuite hostname="THOUFIC" failures="0" tests="4" name="com.testNGPackage.InvocationDemo" time="0.020" errors="0" timestamp="30 Aug 2019 08:29:23 GMT" skipped="0">
  <testcase classname="com.testNGPackage.InvocationDemo" name="hello" time="0.004"/>
  <testcase classname="com.testNGPackage.InvocationDemo" name="hello" time="0.004"/>
  <testcase classname="com.testNGPackage.InvocationDemo" name="hello" time="0.004"/>
  <testcase classname="com.testNGPackage.InvocationDemo" name="he" time="0.008"/>
</testsuite> <!-- com.testNGPackage.InvocationDemo -->
