<?xml version="1.0" encoding="UTF-8"?>
<!-- Generated by org.testng.reporters.JUnitReportReporter -->
<testsuite hostname="THOUFIC" failures="0" tests="2" name="com.testNGPackage.TestNGBasicsDemo" time="0.004" errors="0" timestamp="19 Aug 2019 17:56:18 GMT" skipped="0">
  <testcase classname="com.testNGPackage.TestNGBasicsDemo" name="Tesitng2" time="0.004"/>
  <testcase classname="com.testNGPackage.TestNGBasicsDemo" name="Testing" time="0.000"/>
</testsuite> <!-- com.testNGPackage.TestNGBasicsDemo -->
