<?xml version="1.0" encoding="UTF-8"?>
<!-- Generated by org.testng.reporters.JUnitReportReporter -->
<testsuite hostname="THOUFIC" failures="0" tests="5" name="com.testNGPackage.GoogleTest" time="37.386" errors="0" timestamp="19 Aug 2019 17:56:18 GMT" skipped="0">
  <testcase classname="com.testNGPackage.GoogleTest" name="Tett" time="7.439"/>
  <testcase classname="com.testNGPackage.GoogleTest" name="VerifyGoogleLOgo" time="8.800"/>
  <testcase classname="com.testNGPackage.GoogleTest" name="Tett1" time="6.873"/>
  <testcase classname="com.testNGPackage.GoogleTest" name="VerifyLuckyButton" time="6.937"/>
  <testcase classname="com.testNGPackage.GoogleTest" name="VerifyGmailLink" time="7.337"/>
</testsuite> <!-- com.testNGPackage.GoogleTest -->
